[INFO ] 2017-12-05 14:33:31,187   main - main start run================
[INFO ] 2017-12-05 14:33:33,602 MLog-Init-Reporter - MLog clients using slf4j logging.
[INFO ] 2017-12-05 14:33:36,327   main - Initializing c3p0-0.9.5 [built 02-January-2015 13:25:04 -0500; debug? true; trace: 10]
[ERROR] 2017-12-05 14:33:37,269   main - init datasource error
java.sql.SQLException: Unknown character set index for field '224' received from server.
	at com.mysql.jdbc.SQLError.createSQLException(SQLError.java:910)
	at com.mysql.jdbc.Connection.getCharsetNameForIndex(Connection.java:3556)
	at com.mysql.jdbc.Field.<init>(Field.java:192)
	at com.mysql.jdbc.MysqlIO.unpackField(MysqlIO.java:731)
	at com.mysql.jdbc.MysqlIO.getResultSet(MysqlIO.java:387)
	at com.mysql.jdbc.MysqlIO.readResultsForQueryOrUpdate(MysqlIO.java:2076)
	at com.mysql.jdbc.MysqlIO.readAllResults(MysqlIO.java:1451)
	at com.mysql.jdbc.MysqlIO.sqlQueryDirect(MysqlIO.java:1787)
	at com.mysql.jdbc.Connection.execSQL(Connection.java:3277)
	at com.mysql.jdbc.Connection.execSQL(Connection.java:3206)
	at com.mysql.jdbc.Statement.executeQuery(Statement.java:1232)
	at com.mysql.jdbc.Connection.loadServerVariables(Connection.java:4478)
	at com.mysql.jdbc.Connection.initializePropsFromServer(Connection.java:4062)
	at com.mysql.jdbc.Connection.createNewIO(Connection.java:2789)
	at com.mysql.jdbc.Connection.<init>(Connection.java:1555)
	at com.mysql.jdbc.NonRegisteringDriver.connect(NonRegisteringDriver.java:285)
	at com.alibaba.druid.filter.FilterChainImpl.connection_connect(FilterChainImpl.java:148)
	at com.alibaba.druid.filter.stat.StatFilter.connection_connect(StatFilter.java:211)
	at com.alibaba.druid.filter.FilterChainImpl.connection_connect(FilterChainImpl.java:142)
	at com.alibaba.druid.pool.DruidAbstractDataSource.createPhysicalConnection(DruidAbstractDataSource.java:1377)
	at com.alibaba.druid.pool.DruidAbstractDataSource.createPhysicalConnection(DruidAbstractDataSource.java:1431)
	at com.alibaba.druid.pool.DruidDataSource.init(DruidDataSource.java:618)
	at sun.reflect.NativeMethodAccessorImpl.invoke0(Native Method)
	at sun.reflect.NativeMethodAccessorImpl.invoke(NativeMethodAccessorImpl.java:62)
	at sun.reflect.DelegatingMethodAccessorImpl.invoke(DelegatingMethodAccessorImpl.java:43)
	at java.lang.reflect.Method.invoke(Method.java:498)
	at org.springframework.beans.factory.support.AbstractAutowireCapableBeanFactory.invokeCustomInitMethod(AbstractAutowireCapableBeanFactory.java:1638)
	at org.springframework.beans.factory.support.AbstractAutowireCapableBeanFactory.invokeInitMethods(AbstractAutowireCapableBeanFactory.java:1579)
	at org.springframework.beans.factory.support.AbstractAutowireCapableBeanFactory.initializeBean(AbstractAutowireCapableBeanFactory.java:1509)
	at org.springframework.beans.factory.support.AbstractAutowireCapableBeanFactory.doCreateBean(AbstractAutowireCapableBeanFactory.java:521)
	at org.springframework.beans.factory.support.AbstractAutowireCapableBeanFactory.createBean(AbstractAutowireCapableBeanFactory.java:458)
	at org.springframework.beans.factory.support.AbstractBeanFactory$1.getObject(AbstractBeanFactory.java:296)
	at org.springframework.beans.factory.support.DefaultSingletonBeanRegistry.getSingleton(DefaultSingletonBeanRegistry.java:223)
	at org.springframework.beans.factory.support.AbstractBeanFactory.doGetBean(AbstractBeanFactory.java:293)
	at org.springframework.beans.factory.support.AbstractBeanFactory.getBean(AbstractBeanFactory.java:194)
	at org.springframework.beans.factory.support.DefaultListableBeanFactory.preInstantiateSingletons(DefaultListableBeanFactory.java:633)
	at org.springframework.context.support.AbstractApplicationContext.finishBeanFactoryInitialization(AbstractApplicationContext.java:932)
	at org.springframework.context.support.AbstractApplicationContext.refresh(AbstractApplicationContext.java:479)
	at org.springframework.context.support.ClassPathXmlApplicationContext.<init>(ClassPathXmlApplicationContext.java:139)
	at org.springframework.context.support.ClassPathXmlApplicationContext.<init>(ClassPathXmlApplicationContext.java:83)
	at com.iscas.component.util.SpringUtil.<clinit>(SpringUtil.java:16)
	at com.iscas.component.main.IscasComponentMain.main(IscasComponentMain.java:24)
[ERROR] 2017-12-05 14:33:37,277   main - dataSource init error
java.sql.SQLException: Unknown character set index for field '224' received from server.
	at com.mysql.jdbc.SQLError.createSQLException(SQLError.java:910)
	at com.mysql.jdbc.Connection.getCharsetNameForIndex(Connection.java:3556)
	at com.mysql.jdbc.Field.<init>(Field.java:192)
	at com.mysql.jdbc.MysqlIO.unpackField(MysqlIO.java:731)
	at com.mysql.jdbc.MysqlIO.getResultSet(MysqlIO.java:387)
	at com.mysql.jdbc.MysqlIO.readResultsForQueryOrUpdate(MysqlIO.java:2076)
	at com.mysql.jdbc.MysqlIO.readAllResults(MysqlIO.java:1451)
	at com.mysql.jdbc.MysqlIO.sqlQueryDirect(MysqlIO.java:1787)
	at com.mysql.jdbc.Connection.execSQL(Connection.java:3277)
	at com.mysql.jdbc.Connection.execSQL(Connection.java:3206)
	at com.mysql.jdbc.Statement.executeQuery(Statement.java:1232)
	at com.mysql.jdbc.Connection.loadServerVariables(Connection.java:4478)
	at com.mysql.jdbc.Connection.initializePropsFromServer(Connection.java:4062)
	at com.mysql.jdbc.Connection.createNewIO(Connection.java:2789)
	at com.mysql.jdbc.Connection.<init>(Connection.java:1555)
	at com.mysql.jdbc.NonRegisteringDriver.connect(NonRegisteringDriver.java:285)
	at com.alibaba.druid.filter.FilterChainImpl.connection_connect(FilterChainImpl.java:148)
	at com.alibaba.druid.filter.stat.StatFilter.connection_connect(StatFilter.java:211)
	at com.alibaba.druid.filter.FilterChainImpl.connection_connect(FilterChainImpl.java:142)
	at com.alibaba.druid.pool.DruidAbstractDataSource.createPhysicalConnection(DruidAbstractDataSource.java:1377)
	at com.alibaba.druid.pool.DruidAbstractDataSource.createPhysicalConnection(DruidAbstractDataSource.java:1431)
	at com.alibaba.druid.pool.DruidDataSource.init(DruidDataSource.java:618)
	at sun.reflect.NativeMethodAccessorImpl.invoke0(Native Method)
	at sun.reflect.NativeMethodAccessorImpl.invoke(NativeMethodAccessorImpl.java:62)
	at sun.reflect.DelegatingMethodAccessorImpl.invoke(DelegatingMethodAccessorImpl.java:43)
	at java.lang.reflect.Method.invoke(Method.java:498)
	at org.springframework.beans.factory.support.AbstractAutowireCapableBeanFactory.invokeCustomInitMethod(AbstractAutowireCapableBeanFactory.java:1638)
	at org.springframework.beans.factory.support.AbstractAutowireCapableBeanFactory.invokeInitMethods(AbstractAutowireCapableBeanFactory.java:1579)
	at org.springframework.beans.factory.support.AbstractAutowireCapableBeanFactory.initializeBean(AbstractAutowireCapableBeanFactory.java:1509)
	at org.springframework.beans.factory.support.AbstractAutowireCapableBeanFactory.doCreateBean(AbstractAutowireCapableBeanFactory.java:521)
	at org.springframework.beans.factory.support.AbstractAutowireCapableBeanFactory.createBean(AbstractAutowireCapableBeanFactory.java:458)
	at org.springframework.beans.factory.support.AbstractBeanFactory$1.getObject(AbstractBeanFactory.java:296)
	at org.springframework.beans.factory.support.DefaultSingletonBeanRegistry.getSingleton(DefaultSingletonBeanRegistry.java:223)
	at org.springframework.beans.factory.support.AbstractBeanFactory.doGetBean(AbstractBeanFactory.java:293)
	at org.springframework.beans.factory.support.AbstractBeanFactory.getBean(AbstractBeanFactory.java:194)
	at org.springframework.beans.factory.support.DefaultListableBeanFactory.preInstantiateSingletons(DefaultListableBeanFactory.java:633)
	at org.springframework.context.support.AbstractApplicationContext.finishBeanFactoryInitialization(AbstractApplicationContext.java:932)
	at org.springframework.context.support.AbstractApplicationContext.refresh(AbstractApplicationContext.java:479)
	at org.springframework.context.support.ClassPathXmlApplicationContext.<init>(ClassPathXmlApplicationContext.java:139)
	at org.springframework.context.support.ClassPathXmlApplicationContext.<init>(ClassPathXmlApplicationContext.java:83)
	at com.iscas.component.util.SpringUtil.<clinit>(SpringUtil.java:16)
	at com.iscas.component.main.IscasComponentMain.main(IscasComponentMain.java:24)
[INFO ] 2017-12-05 14:33:37,278   main - {dataSource-1} inited
[INFO ] 2017-12-05 14:50:56,078   main - main start run================
[INFO ] 2017-12-05 14:50:57,971 MLog-Init-Reporter - MLog clients using slf4j logging.
[INFO ] 2017-12-05 14:50:58,220   main - Initializing c3p0-0.9.5 [built 02-January-2015 13:25:04 -0500; debug? true; trace: 10]
[ERROR] 2017-12-05 14:50:58,934   main - init datasource error
java.sql.SQLException: Unknown character set index for field '224' received from server.
	at com.mysql.jdbc.SQLError.createSQLException(SQLError.java:910)
	at com.mysql.jdbc.Connection.getCharsetNameForIndex(Connection.java:3556)
	at com.mysql.jdbc.Field.<init>(Field.java:192)
	at com.mysql.jdbc.MysqlIO.unpackField(MysqlIO.java:731)
	at com.mysql.jdbc.MysqlIO.getResultSet(MysqlIO.java:387)
	at com.mysql.jdbc.MysqlIO.readResultsForQueryOrUpdate(MysqlIO.java:2076)
	at com.mysql.jdbc.MysqlIO.readAllResults(MysqlIO.java:1451)
	at com.mysql.jdbc.MysqlIO.sqlQueryDirect(MysqlIO.java:1787)
	at com.mysql.jdbc.Connection.execSQL(Connection.java:3277)
	at com.mysql.jdbc.Connection.execSQL(Connection.java:3206)
	at com.mysql.jdbc.Statement.executeQuery(Statement.java:1232)
	at com.mysql.jdbc.Connection.loadServerVariables(Connection.java:4478)
	at com.mysql.jdbc.Connection.initializePropsFromServer(Connection.java:4062)
	at com.mysql.jdbc.Connection.createNewIO(Connection.java:2789)
	at com.mysql.jdbc.Connection.<init>(Connection.java:1555)
	at com.mysql.jdbc.NonRegisteringDriver.connect(NonRegisteringDriver.java:285)
	at com.alibaba.druid.filter.FilterChainImpl.connection_connect(FilterChainImpl.java:148)
	at com.alibaba.druid.filter.stat.StatFilter.connection_connect(StatFilter.java:211)
	at com.alibaba.druid.filter.FilterChainImpl.connection_connect(FilterChainImpl.java:142)
	at com.alibaba.druid.pool.DruidAbstractDataSource.createPhysicalConnection(DruidAbstractDataSource.java:1377)
	at com.alibaba.druid.pool.DruidAbstractDataSource.createPhysicalConnection(DruidAbstractDataSource.java:1431)
	at com.alibaba.druid.pool.DruidDataSource.init(DruidDataSource.java:618)
	at sun.reflect.NativeMethodAccessorImpl.invoke0(Native Method)
	at sun.reflect.NativeMethodAccessorImpl.invoke(NativeMethodAccessorImpl.java:62)
	at sun.reflect.DelegatingMethodAccessorImpl.invoke(DelegatingMethodAccessorImpl.java:43)
	at java.lang.reflect.Method.invoke(Method.java:498)
	at org.springframework.beans.factory.support.AbstractAutowireCapableBeanFactory.invokeCustomInitMethod(AbstractAutowireCapableBeanFactory.java:1638)
	at org.springframework.beans.factory.support.AbstractAutowireCapableBeanFactory.invokeInitMethods(AbstractAutowireCapableBeanFactory.java:1579)
	at org.springframework.beans.factory.support.AbstractAutowireCapableBeanFactory.initializeBean(AbstractAutowireCapableBeanFactory.java:1509)
	at org.springframework.beans.factory.support.AbstractAutowireCapableBeanFactory.doCreateBean(AbstractAutowireCapableBeanFactory.java:521)
	at org.springframework.beans.factory.support.AbstractAutowireCapableBeanFactory.createBean(AbstractAutowireCapableBeanFactory.java:458)
	at org.springframework.beans.factory.support.AbstractBeanFactory$1.getObject(AbstractBeanFactory.java:296)
	at org.springframework.beans.factory.support.DefaultSingletonBeanRegistry.getSingleton(DefaultSingletonBeanRegistry.java:223)
	at org.springframework.beans.factory.support.AbstractBeanFactory.doGetBean(AbstractBeanFactory.java:293)
	at org.springframework.beans.factory.support.AbstractBeanFactory.getBean(AbstractBeanFactory.java:194)
	at org.springframework.beans.factory.support.DefaultListableBeanFactory.preInstantiateSingletons(DefaultListableBeanFactory.java:633)
	at org.springframework.context.support.AbstractApplicationContext.finishBeanFactoryInitialization(AbstractApplicationContext.java:932)
	at org.springframework.context.support.AbstractApplicationContext.refresh(AbstractApplicationContext.java:479)
	at org.springframework.context.support.ClassPathXmlApplicationContext.<init>(ClassPathXmlApplicationContext.java:139)
	at org.springframework.context.support.ClassPathXmlApplicationContext.<init>(ClassPathXmlApplicationContext.java:83)
	at com.iscas.component.util.SpringUtil.<clinit>(SpringUtil.java:16)
	at com.iscas.component.main.IscasComponentMain.main(IscasComponentMain.java:24)
[ERROR] 2017-12-05 14:50:58,942   main - dataSource init error
java.sql.SQLException: Unknown character set index for field '224' received from server.
	at com.mysql.jdbc.SQLError.createSQLException(SQLError.java:910)
	at com.mysql.jdbc.Connection.getCharsetNameForIndex(Connection.java:3556)
	at com.mysql.jdbc.Field.<init>(Field.java:192)
	at com.mysql.jdbc.MysqlIO.unpackField(MysqlIO.java:731)
	at com.mysql.jdbc.MysqlIO.getResultSet(MysqlIO.java:387)
	at com.mysql.jdbc.MysqlIO.readResultsForQueryOrUpdate(MysqlIO.java:2076)
	at com.mysql.jdbc.MysqlIO.readAllResults(MysqlIO.java:1451)
	at com.mysql.jdbc.MysqlIO.sqlQueryDirect(MysqlIO.java:1787)
	at com.mysql.jdbc.Connection.execSQL(Connection.java:3277)
	at com.mysql.jdbc.Connection.execSQL(Connection.java:3206)
	at com.mysql.jdbc.Statement.executeQuery(Statement.java:1232)
	at com.mysql.jdbc.Connection.loadServerVariables(Connection.java:4478)
	at com.mysql.jdbc.Connection.initializePropsFromServer(Connection.java:4062)
	at com.mysql.jdbc.Connection.createNewIO(Connection.java:2789)
	at com.mysql.jdbc.Connection.<init>(Connection.java:1555)
	at com.mysql.jdbc.NonRegisteringDriver.connect(NonRegisteringDriver.java:285)
	at com.alibaba.druid.filter.FilterChainImpl.connection_connect(FilterChainImpl.java:148)
	at com.alibaba.druid.filter.stat.StatFilter.connection_connect(StatFilter.java:211)
	at com.alibaba.druid.filter.FilterChainImpl.connection_connect(FilterChainImpl.java:142)
	at com.alibaba.druid.pool.DruidAbstractDataSource.createPhysicalConnection(DruidAbstractDataSource.java:1377)
	at com.alibaba.druid.pool.DruidAbstractDataSource.createPhysicalConnection(DruidAbstractDataSource.java:1431)
	at com.alibaba.druid.pool.DruidDataSource.init(DruidDataSource.java:618)
	at sun.reflect.NativeMethodAccessorImpl.invoke0(Native Method)
	at sun.reflect.NativeMethodAccessorImpl.invoke(NativeMethodAccessorImpl.java:62)
	at sun.reflect.DelegatingMethodAccessorImpl.invoke(DelegatingMethodAccessorImpl.java:43)
	at java.lang.reflect.Method.invoke(Method.java:498)
	at org.springframework.beans.factory.support.AbstractAutowireCapableBeanFactory.invokeCustomInitMethod(AbstractAutowireCapableBeanFactory.java:1638)
	at org.springframework.beans.factory.support.AbstractAutowireCapableBeanFactory.invokeInitMethods(AbstractAutowireCapableBeanFactory.java:1579)
	at org.springframework.beans.factory.support.AbstractAutowireCapableBeanFactory.initializeBean(AbstractAutowireCapableBeanFactory.java:1509)
	at org.springframework.beans.factory.support.AbstractAutowireCapableBeanFactory.doCreateBean(AbstractAutowireCapableBeanFactory.java:521)
	at org.springframework.beans.factory.support.AbstractAutowireCapableBeanFactory.createBean(AbstractAutowireCapableBeanFactory.java:458)
	at org.springframework.beans.factory.support.AbstractBeanFactory$1.getObject(AbstractBeanFactory.java:296)
	at org.springframework.beans.factory.support.DefaultSingletonBeanRegistry.getSingleton(DefaultSingletonBeanRegistry.java:223)
	at org.springframework.beans.factory.support.AbstractBeanFactory.doGetBean(AbstractBeanFactory.java:293)
	at org.springframework.beans.factory.support.AbstractBeanFactory.getBean(AbstractBeanFactory.java:194)
	at org.springframework.beans.factory.support.DefaultListableBeanFactory.preInstantiateSingletons(DefaultListableBeanFactory.java:633)
	at org.springframework.context.support.AbstractApplicationContext.finishBeanFactoryInitialization(AbstractApplicationContext.java:932)
	at org.springframework.context.support.AbstractApplicationContext.refresh(AbstractApplicationContext.java:479)
	at org.springframework.context.support.ClassPathXmlApplicationContext.<init>(ClassPathXmlApplicationContext.java:139)
	at org.springframework.context.support.ClassPathXmlApplicationContext.<init>(ClassPathXmlApplicationContext.java:83)
	at com.iscas.component.util.SpringUtil.<clinit>(SpringUtil.java:16)
	at com.iscas.component.main.IscasComponentMain.main(IscasComponentMain.java:24)
[INFO ] 2017-12-05 14:50:58,943   main - {dataSource-1} inited
