[INFO ] 2018-01-02 15:59:33,166   main - main start run================
[INFO ] 2018-01-02 15:59:36,735 MLog-Init-Reporter - MLog clients using slf4j logging.
[INFO ] 2018-01-02 15:59:37,480   main - Initializing c3p0-0.9.5 [built 02-January-2015 13:25:04 -0500; debug? true; trace: 10]
[INFO ] 2018-01-02 15:59:39,473   main - {dataSource-1} inited
[INFO ] 2018-01-02 15:59:40,323   main - 开始实例化缓存对象================
[INFO ] 2018-01-02 15:59:57,630 pool-1-thread-2 - 解析出现异常====================：com.google.gson.JsonSyntaxException: java.lang.IllegalStateException: Expected BEGIN_ARRAY but was BEGIN_OBJECT at line 1 column 9 path $.msg
[INFO ] 2018-01-02 16:00:11,082 pool-1-thread-3 - 解析出现异常====================：java.lang.NullPointerException
[INFO ] 2018-01-02 16:00:12,393 pool-1-thread-1 - 解析出现异常====================：java.lang.NullPointerException
[INFO ] 2018-01-02 16:00:15,650 pool-1-thread-4 - 解析出现异常====================：java.lang.NullPointerException
[INFO ] 2018-01-02 16:00:17,747 pool-1-thread-5 - 解析出现异常====================：java.lang.NullPointerException
[INFO ] 2018-01-02 16:00:18,800 pool-1-thread-6 - 解析出现异常====================：java.lang.NullPointerException
[INFO ] 2018-01-02 16:00:19,332 pool-1-thread-7 - 解析出现异常====================：java.lang.NullPointerException
[INFO ] 2018-01-02 16:00:19,432 pool-1-thread-8 - 解析出现异常====================：java.lang.NullPointerException
[INFO ] 2018-01-02 16:00:19,578 pool-1-thread-9 - 解析出现异常====================：java.lang.NullPointerException
[INFO ] 2018-01-02 16:00:19,687 pool-1-thread-10 - 解析出现异常====================：java.lang.NullPointerException
[INFO ] 2018-01-02 16:00:19,782 pool-1-thread-2 - 解析出现异常====================：java.lang.NullPointerException
[INFO ] 2018-01-02 16:00:19,897 pool-1-thread-3 - 解析出现异常====================：java.lang.NullPointerException
[INFO ] 2018-01-02 16:00:19,993 pool-1-thread-4 - 解析出现异常====================：java.lang.NullPointerException
[INFO ] 2018-01-02 16:00:20,102 pool-1-thread-5 - 解析出现异常====================：java.lang.NullPointerException
[INFO ] 2018-01-02 16:00:20,203 pool-1-thread-6 - 解析出现异常====================：java.lang.NullPointerException
[INFO ] 2018-01-02 16:01:11,955 pool-1-thread-1 - 解析出现异常====================：java.lang.NullPointerException
[INFO ] 2018-01-02 16:01:50,899   main - main start run================
[INFO ] 2018-01-02 16:01:52,538 MLog-Init-Reporter - MLog clients using slf4j logging.
[INFO ] 2018-01-02 16:01:52,875   main - Initializing c3p0-0.9.5 [built 02-January-2015 13:25:04 -0500; debug? true; trace: 10]
[INFO ] 2018-01-02 16:01:53,931   main - {dataSource-1} inited
[INFO ] 2018-01-02 16:01:54,539   main - 开始实例化缓存对象================
[INFO ] 2018-01-02 16:01:55,832 pool-1-thread-1 - 解析出现异常====================：java.lang.NullPointerException
[INFO ] 2018-01-02 16:01:55,988 pool-1-thread-2 - 解析出现异常====================：java.lang.NullPointerException
[INFO ] 2018-01-02 16:01:56,134 pool-1-thread-3 - 解析出现异常====================：java.lang.NullPointerException
[INFO ] 2018-01-02 16:01:56,290 pool-1-thread-4 - 解析出现异常====================：java.lang.NullPointerException
[INFO ] 2018-01-02 16:01:56,404 pool-1-thread-5 - 解析出现异常====================：java.lang.NullPointerException
[INFO ] 2018-01-02 16:01:56,513 pool-1-thread-6 - 解析出现异常====================：java.lang.NullPointerException
[INFO ] 2018-01-02 16:01:56,588 pool-1-thread-7 - 解析出现异常====================：java.lang.NullPointerException
[INFO ] 2018-01-02 16:01:56,665 pool-1-thread-8 - 解析出现异常====================：java.lang.NullPointerException
[INFO ] 2018-01-02 16:01:56,813 pool-1-thread-9 - 解析出现异常====================：java.lang.NullPointerException
[INFO ] 2018-01-02 16:01:56,936 pool-1-thread-10 - 解析出现异常====================：java.lang.NullPointerException
[INFO ] 2018-01-02 16:01:57,012 pool-1-thread-1 - 解析出现异常====================：java.lang.NullPointerException
[INFO ] 2018-01-02 16:02:12,610   main - main start run================
[INFO ] 2018-01-02 16:02:13,929 MLog-Init-Reporter - MLog clients using slf4j logging.
[INFO ] 2018-01-02 16:02:14,156   main - Initializing c3p0-0.9.5 [built 02-January-2015 13:25:04 -0500; debug? true; trace: 10]
[INFO ] 2018-01-02 16:02:15,091   main - {dataSource-1} inited
[INFO ] 2018-01-02 16:02:15,739   main - 开始实例化缓存对象================
[INFO ] 2018-01-02 16:07:05,226   main - main start run================
[INFO ] 2018-01-02 16:07:06,497 MLog-Init-Reporter - MLog clients using slf4j logging.
[INFO ] 2018-01-02 16:07:06,796   main - Initializing c3p0-0.9.5 [built 02-January-2015 13:25:04 -0500; debug? true; trace: 10]
[INFO ] 2018-01-02 16:07:07,772   main - {dataSource-1} inited
[INFO ] 2018-01-02 16:07:08,497   main - 开始实例化缓存对象================
[INFO ] 2018-01-02 16:07:25,302 pool-1-thread-2 - 解析出现异常====================：com.google.gson.JsonSyntaxException: java.lang.IllegalStateException: Expected BEGIN_ARRAY but was BEGIN_OBJECT at line 1 column 9 path $.msg
[INFO ] 2018-01-02 16:21:41,572 pool-1-thread-1 - 解析出现异常====================：com.google.gson.JsonSyntaxException: java.lang.IllegalStateException: Expected BEGIN_ARRAY but was BEGIN_OBJECT at line 1 column 9 path $.msg
[INFO ] 2018-01-02 16:21:46,589   main - main start run================
[INFO ] 2018-01-02 16:21:48,406 MLog-Init-Reporter - MLog clients using slf4j logging.
[INFO ] 2018-01-02 16:21:48,715   main - Initializing c3p0-0.9.5 [built 02-January-2015 13:25:04 -0500; debug? true; trace: 10]
[INFO ] 2018-01-02 16:21:49,814   main - {dataSource-1} inited
[INFO ] 2018-01-02 16:21:50,542   main - 开始实例化缓存对象================
[INFO ] 2018-01-02 16:21:56,655 pool-1-thread-2 - 解析出现异常====================：com.google.gson.JsonSyntaxException: java.lang.IllegalStateException: Expected BEGIN_ARRAY but was BEGIN_OBJECT at line 1 column 9 path $.msg
[INFO ] 2018-01-02 16:21:56,749 pool-1-thread-3 - 解析出现异常====================：com.google.gson.JsonSyntaxException: java.lang.IllegalStateException: Expected BEGIN_ARRAY but was BEGIN_OBJECT at line 1 column 9 path $.msg
[INFO ] 2018-01-02 16:21:59,587 pool-1-thread-4 - 解析出现异常====================：com.google.gson.JsonSyntaxException: java.lang.IllegalStateException: Expected BEGIN_ARRAY but was BEGIN_OBJECT at line 1 column 9 path $.msg
[INFO ] 2018-01-02 16:22:48,900 pool-1-thread-1 - 解析出现异常====================：com.google.gson.JsonSyntaxException: java.lang.IllegalStateException: Expected BEGIN_ARRAY but was BEGIN_OBJECT at line 1 column 9 path $.msg
[INFO ] 2018-01-02 16:25:18,078   main - main start run================
[INFO ] 2018-01-02 16:25:19,537 MLog-Init-Reporter - MLog clients using slf4j logging.
[INFO ] 2018-01-02 16:25:19,774   main - Initializing c3p0-0.9.5 [built 02-January-2015 13:25:04 -0500; debug? true; trace: 10]
[INFO ] 2018-01-02 16:25:20,873   main - {dataSource-1} inited
[INFO ] 2018-01-02 16:25:21,474   main - 开始实例化缓存对象================
[INFO ] 2018-01-02 16:26:56,252 pool-1-thread-2 - 解析出现异常====================：com.google.gson.JsonSyntaxException: java.lang.IllegalStateException: Expected BEGIN_ARRAY but was BEGIN_OBJECT at line 1 column 9 path $.msg
[INFO ] 2018-01-02 16:28:12,804 pool-1-thread-1 - 解析出现异常====================：com.google.gson.JsonSyntaxException: java.lang.IllegalStateException: Expected BEGIN_ARRAY but was BEGIN_OBJECT at line 1 column 9 path $.msg
[INFO ] 2018-01-02 16:29:14,011   main - main start run================
[INFO ] 2018-01-02 16:29:15,482 MLog-Init-Reporter - MLog clients using slf4j logging.
[INFO ] 2018-01-02 16:29:15,906   main - Initializing c3p0-0.9.5 [built 02-January-2015 13:25:04 -0500; debug? true; trace: 10]
[INFO ] 2018-01-02 16:29:17,149   main - {dataSource-1} inited
[INFO ] 2018-01-02 16:29:17,833   main - 开始实例化缓存对象================
[INFO ] 2018-01-02 16:29:25,559 pool-1-thread-2 - 解析出现异常====================：com.google.gson.JsonSyntaxException: java.lang.IllegalStateException: Expected BEGIN_ARRAY but was BEGIN_OBJECT at line 1 column 9 path $.msg
[INFO ] 2018-01-02 16:29:28,951 pool-1-thread-3 - 解析出现异常====================：com.google.gson.JsonSyntaxException: java.lang.IllegalStateException: Expected BEGIN_ARRAY but was BEGIN_OBJECT at line 1 column 9 path $.msg
[INFO ] 2018-01-02 16:29:30,592 pool-1-thread-4 - 解析出现异常====================：com.google.gson.JsonSyntaxException: java.lang.IllegalStateException: Expected BEGIN_ARRAY but was BEGIN_OBJECT at line 1 column 9 path $.msg
[INFO ] 2018-01-02 16:41:39,217 pool-1-thread-1 - 解析出现异常====================：com.google.gson.JsonSyntaxException: java.lang.IllegalStateException: Expected BEGIN_ARRAY but was BEGIN_OBJECT at line 1 column 9 path $.msg
[INFO ] 2018-01-02 16:41:39,504 pool-1-thread-5 - 解析出现异常====================：com.google.gson.JsonSyntaxException: java.lang.IllegalStateException: Expected BEGIN_ARRAY but was BEGIN_OBJECT at line 1 column 9 path $.msg
[INFO ] 2018-01-02 16:41:39,697 pool-1-thread-6 - 解析出现异常====================：com.google.gson.JsonSyntaxException: java.lang.IllegalStateException: Expected BEGIN_ARRAY but was BEGIN_OBJECT at line 1 column 9 path $.msg
[INFO ] 2018-01-02 16:41:53,676   main - main start run================
[INFO ] 2018-01-02 16:41:55,204 MLog-Init-Reporter - MLog clients using slf4j logging.
[INFO ] 2018-01-02 16:41:55,407   main - Initializing c3p0-0.9.5 [built 02-January-2015 13:25:04 -0500; debug? true; trace: 10]
[INFO ] 2018-01-02 16:41:56,358   main - {dataSource-1} inited
[INFO ] 2018-01-02 16:41:57,010   main - 开始实例化缓存对象================
[INFO ] 2018-01-02 16:42:01,935 pool-1-thread-2 - 解析出现异常====================：com.google.gson.JsonSyntaxException: java.lang.IllegalStateException: Expected BEGIN_ARRAY but was BEGIN_OBJECT at line 1 column 9 path $.msg
[INFO ] 2018-01-02 16:42:02,108 pool-1-thread-3 - 解析出现异常====================：com.google.gson.JsonSyntaxException: java.lang.IllegalStateException: Expected BEGIN_ARRAY but was BEGIN_OBJECT at line 1 column 9 path $.msg
[INFO ] 2018-01-02 16:42:04,468 pool-1-thread-4 - 解析出现异常====================：com.google.gson.JsonSyntaxException: java.lang.IllegalStateException: Expected BEGIN_ARRAY but was BEGIN_OBJECT at line 1 column 9 path $.msg
[INFO ] 2018-01-02 16:42:08,418 pool-1-thread-5 - 解析出现异常====================：com.google.gson.JsonSyntaxException: java.lang.IllegalStateException: Expected BEGIN_ARRAY but was BEGIN_OBJECT at line 1 column 9 path $.msg
[INFO ] 2018-01-02 16:44:32,953 pool-1-thread-1 - 解析出现异常====================：com.google.gson.JsonSyntaxException: java.lang.IllegalStateException: Expected BEGIN_ARRAY but was BEGIN_OBJECT at line 1 column 9 path $.msg
[INFO ] 2018-01-02 16:44:33,233 pool-1-thread-6 - 解析出现异常====================：com.google.gson.JsonSyntaxException: java.lang.IllegalStateException: Expected BEGIN_ARRAY but was BEGIN_OBJECT at line 1 column 9 path $.msg
[INFO ] 2018-01-02 16:44:33,361 pool-1-thread-7 - 解析出现异常====================：com.google.gson.JsonSyntaxException: java.lang.IllegalStateException: Expected BEGIN_ARRAY but was BEGIN_OBJECT at line 1 column 9 path $.msg
[INFO ] 2018-01-02 16:46:27,483   main - main start run================
[INFO ] 2018-01-02 16:46:28,942 MLog-Init-Reporter - MLog clients using slf4j logging.
[INFO ] 2018-01-02 16:46:29,214   main - Initializing c3p0-0.9.5 [built 02-January-2015 13:25:04 -0500; debug? true; trace: 10]
[INFO ] 2018-01-02 16:46:30,312   main - {dataSource-1} inited
[INFO ] 2018-01-02 16:46:31,034   main - 开始实例化缓存对象================
[INFO ] 2018-01-02 16:46:40,681 pool-1-thread-3 - 解析出现异常====================：com.google.gson.JsonSyntaxException: java.lang.IllegalStateException: Expected BEGIN_ARRAY but was BEGIN_OBJECT at line 1 column 9 path $.msg
[INFO ] 2018-01-02 16:46:41,233 pool-1-thread-4 - 解析出现异常====================：com.google.gson.JsonSyntaxException: java.lang.IllegalStateException: Expected BEGIN_ARRAY but was BEGIN_OBJECT at line 1 column 9 path $.msg
[INFO ] 2018-01-02 16:47:45,392 pool-1-thread-2 - 解析出现异常====================：java.lang.NullPointerException
[INFO ] 2018-01-02 16:47:45,524 pool-1-thread-5 - 解析出现异常====================：java.lang.NullPointerException
[INFO ] 2018-01-02 16:47:46,546 pool-1-thread-1 - 解析出现异常====================：java.lang.NullPointerException
[INFO ] 2018-01-02 16:47:55,820   main - main start run================
[INFO ] 2018-01-02 16:47:57,474 MLog-Init-Reporter - MLog clients using slf4j logging.
[INFO ] 2018-01-02 16:47:57,829   main - Initializing c3p0-0.9.5 [built 02-January-2015 13:25:04 -0500; debug? true; trace: 10]
[INFO ] 2018-01-02 16:47:58,811   main - {dataSource-1} inited
[INFO ] 2018-01-02 16:47:59,554   main - 开始实例化缓存对象================
[INFO ] 2018-01-02 16:48:14,790 pool-1-thread-2 - 解析出现异常====================：java.lang.ClassCastException: com.google.gson.internal.LinkedTreeMap cannot be cast to com.iscas.component.entity.MsgSubEntity
[INFO ] 2018-01-02 16:48:55,328 pool-1-thread-1 - 解析出现异常====================：java.lang.NullPointerException
[INFO ] 2018-01-02 16:48:55,529 pool-1-thread-3 - 解析出现异常====================：java.lang.NullPointerException
[INFO ] 2018-01-02 16:49:02,323   main - main start run================
[INFO ] 2018-01-02 16:49:03,840 MLog-Init-Reporter - MLog clients using slf4j logging.
[INFO ] 2018-01-02 16:49:04,027   main - Initializing c3p0-0.9.5 [built 02-January-2015 13:25:04 -0500; debug? true; trace: 10]
[INFO ] 2018-01-02 16:49:05,217   main - {dataSource-1} inited
[INFO ] 2018-01-02 16:49:05,992   main - 开始实例化缓存对象================
[INFO ] 2018-01-02 16:50:55,621 pool-1-thread-1 - 解析出现异常====================：java.lang.NullPointerException
[INFO ] 2018-01-02 16:50:59,587   main - main start run================
[INFO ] 2018-01-02 16:51:01,315 MLog-Init-Reporter - MLog clients using slf4j logging.
[INFO ] 2018-01-02 16:51:01,532   main - Initializing c3p0-0.9.5 [built 02-January-2015 13:25:04 -0500; debug? true; trace: 10]
[INFO ] 2018-01-02 16:51:02,646   main - {dataSource-1} inited
[INFO ] 2018-01-02 16:51:03,424   main - 开始实例化缓存对象================
[INFO ] 2018-01-02 16:52:35,039 pool-1-thread-1 - 解析出现异常====================：java.lang.ClassCastException: com.google.gson.internal.LinkedTreeMap cannot be cast to com.iscas.component.entity.MsgSubEntity
[INFO ] 2018-01-02 16:54:04,465   main - main start run================
[INFO ] 2018-01-02 16:54:06,009 MLog-Init-Reporter - MLog clients using slf4j logging.
[INFO ] 2018-01-02 16:54:06,244   main - Initializing c3p0-0.9.5 [built 02-January-2015 13:25:04 -0500; debug? true; trace: 10]
[INFO ] 2018-01-02 16:54:07,307   main - {dataSource-1} inited
[INFO ] 2018-01-02 16:54:07,906   main - 开始实例化缓存对象================
[INFO ] 2018-01-02 16:54:56,502 pool-1-thread-1 - 解析出现异常====================：java.lang.ClassCastException: com.google.gson.internal.LinkedTreeMap cannot be cast to com.iscas.component.entity.MsgSubEntity
[INFO ] 2018-01-02 16:56:16,970   main - main start run================
[INFO ] 2018-01-02 16:56:18,609 MLog-Init-Reporter - MLog clients using slf4j logging.
[INFO ] 2018-01-02 16:56:19,041   main - Initializing c3p0-0.9.5 [built 02-January-2015 13:25:04 -0500; debug? true; trace: 10]
[INFO ] 2018-01-02 16:56:20,177   main - {dataSource-1} inited
[INFO ] 2018-01-02 16:56:20,872   main - 开始实例化缓存对象================
[INFO ] 2018-01-02 16:57:14,182 pool-1-thread-2 - 解析出现异常====================：java.lang.ClassCastException: com.google.gson.internal.LinkedTreeMap cannot be cast to com.iscas.component.entity.MsgSubEntity
[INFO ] 2018-01-02 17:00:05,739 pool-1-thread-1 - 解析出现异常====================：java.lang.ClassCastException: com.google.gson.internal.LinkedTreeMap cannot be cast to com.iscas.component.entity.MsgSubEntity
[INFO ] 2018-01-02 17:02:17,387   main - main start run================
[INFO ] 2018-01-02 17:02:18,903 MLog-Init-Reporter - MLog clients using slf4j logging.
[INFO ] 2018-01-02 17:02:19,119   main - Initializing c3p0-0.9.5 [built 02-January-2015 13:25:04 -0500; debug? true; trace: 10]
[INFO ] 2018-01-02 17:02:20,361   main - {dataSource-1} inited
[INFO ] 2018-01-02 17:02:20,930   main - 开始实例化缓存对象================
[INFO ] 2018-01-02 17:02:45,771   main - main start run================
[INFO ] 2018-01-02 17:02:47,444 MLog-Init-Reporter - MLog clients using slf4j logging.
[INFO ] 2018-01-02 17:02:47,828   main - Initializing c3p0-0.9.5 [built 02-January-2015 13:25:04 -0500; debug? true; trace: 10]
[INFO ] 2018-01-02 17:02:48,913   main - {dataSource-1} inited
[INFO ] 2018-01-02 17:02:49,622   main - 开始实例化缓存对象================
[INFO ] 2018-01-02 17:03:26,489   main - main start run================
[INFO ] 2018-01-02 17:03:28,351 MLog-Init-Reporter - MLog clients using slf4j logging.
[INFO ] 2018-01-02 17:03:28,597   main - Initializing c3p0-0.9.5 [built 02-January-2015 13:25:04 -0500; debug? true; trace: 10]
[INFO ] 2018-01-02 17:03:29,850   main - {dataSource-1} inited
[INFO ] 2018-01-02 17:03:30,713   main - 开始实例化缓存对象================
[INFO ] 2018-01-02 17:04:11,953 pool-1-thread-1 - 解析出现异常====================：java.lang.NullPointerException
[INFO ] 2018-01-02 17:06:15,107   main - main start run================
[INFO ] 2018-01-02 17:06:16,572 MLog-Init-Reporter - MLog clients using slf4j logging.
[INFO ] 2018-01-02 17:06:16,774   main - Initializing c3p0-0.9.5 [built 02-January-2015 13:25:04 -0500; debug? true; trace: 10]
[INFO ] 2018-01-02 17:06:17,888   main - {dataSource-1} inited
[INFO ] 2018-01-02 17:06:18,653   main - 开始实例化缓存对象================
[INFO ] 2018-01-02 17:07:16,884 pool-1-thread-1 - 解析出现异常====================：java.lang.NullPointerException
[INFO ] 2018-01-02 17:09:16,783   main - main start run================
[INFO ] 2018-01-02 17:09:18,479 MLog-Init-Reporter - MLog clients using slf4j logging.
[INFO ] 2018-01-02 17:09:18,733   main - Initializing c3p0-0.9.5 [built 02-January-2015 13:25:04 -0500; debug? true; trace: 10]
[INFO ] 2018-01-02 17:09:19,973   main - {dataSource-1} inited
[INFO ] 2018-01-02 17:09:20,852   main - 开始实例化缓存对象================
[INFO ] 2018-01-02 17:14:39,418 pool-1-thread-1 - 解析出现异常====================：java.lang.NullPointerException
[INFO ] 2018-01-02 17:14:44,780   main - main start run================
[INFO ] 2018-01-02 17:14:46,634 MLog-Init-Reporter - MLog clients using slf4j logging.
[INFO ] 2018-01-02 17:14:46,943   main - Initializing c3p0-0.9.5 [built 02-January-2015 13:25:04 -0500; debug? true; trace: 10]
[INFO ] 2018-01-02 17:14:48,022   main - {dataSource-1} inited
[INFO ] 2018-01-02 17:14:48,878   main - 开始实例化缓存对象================
[INFO ] 2018-01-02 17:19:09,304 pool-1-thread-1 - 解析出现异常====================：java.lang.NullPointerException
[INFO ] 2018-01-02 17:19:12,462   main - main start run================
[INFO ] 2018-01-02 17:19:14,019 MLog-Init-Reporter - MLog clients using slf4j logging.
[INFO ] 2018-01-02 17:19:14,265   main - Initializing c3p0-0.9.5 [built 02-January-2015 13:25:04 -0500; debug? true; trace: 10]
[INFO ] 2018-01-02 17:19:15,548   main - {dataSource-1} inited
[INFO ] 2018-01-02 17:19:16,368   main - 开始实例化缓存对象================
[INFO ] 2018-01-02 17:21:28,229   main - main start run================
[INFO ] 2018-01-02 17:21:29,696 MLog-Init-Reporter - MLog clients using slf4j logging.
[INFO ] 2018-01-02 17:21:29,912   main - Initializing c3p0-0.9.5 [built 02-January-2015 13:25:04 -0500; debug? true; trace: 10]
[INFO ] 2018-01-02 17:21:30,906   main - {dataSource-1} inited
[INFO ] 2018-01-02 17:21:31,487   main - 开始实例化缓存对象================
[INFO ] 2018-01-02 17:22:06,367 pool-1-thread-1 - method type : update, source sql : take_power.insert:insert into take_power (id,createtime ,macId ,startTime ) values (id,now() ,'c86722a4ae30' ,'180102172147' )
run time is :201ms
[INFO ] 2018-01-02 17:22:06,368 pool-1-thread-1 - 解析出现异常====================：java.lang.NumberFormatException: null
[INFO ] 2018-01-02 17:25:02,025   main - main start run================
[INFO ] 2018-01-02 17:25:03,756 MLog-Init-Reporter - MLog clients using slf4j logging.
[INFO ] 2018-01-02 17:25:04,000   main - Initializing c3p0-0.9.5 [built 02-January-2015 13:25:04 -0500; debug? true; trace: 10]
[INFO ] 2018-01-02 17:25:05,153   main - {dataSource-1} inited
[INFO ] 2018-01-02 17:25:05,985   main - 开始实例化缓存对象================
[INFO ] 2018-01-02 17:32:50,996 pool-1-thread-1 - method type : update, source sql : take_power.insert:insert into take_power (id,createtime ,macId ,startTime ) values (id,now() ,'c86722a4ae30' ,'180102172744' )
run time is :91ms
[INFO ] 2018-01-02 17:32:50,997 pool-1-thread-1 - 解析出现异常====================：java.lang.NumberFormatException: null
