1530776205651|-1||debug||com.p6spy.engine.common.P6SpyOptions reloading properties
1530776205722|-1||info||Using properties file: D:\新建文件夹\SuMaoServers\target\classes\spy.properties
1530776205722|-1||info||No value in environment for: getStackTrace, using: false
1530776205722|-1||info||No value in environment for: getAppender, using: com.iscas.component.core.p6spy.LogbackLogger
1530776205722|-1||info||No value in environment for: getFilter, using: false
1530776205723|-1||info||No value in environment for: getAppend, using: true
1530776205723|-1||info||No value in environment for: getUsePrefix, using: false
1530776205723|-1||info||No value in environment for: getRealdriver, using: com.mysql.jdbc.Driver
1530776205723|-1||info||No value in environment for: getInclude, using: 
1530776205723|-1||info||No value in environment for: getRealdriver2, using: 
1530776205724|-1||info||No value in environment for: getExclude, using: 
1530776205725|-1||info||No value in environment for: getDateformatter, using: null
1530776205727|-1||info||No value in environment for: getSpydriver, using: com.p6spy.engine.spy.P6SpyDriver
1530776205727|-1||info||No value in environment for: getStringmatcher, using: com.p6spy.engine.common.SubstringMatcher
1530776205727|-1||info||No value in environment for: getRealdriver3, using: 
1530776205727|-1||info||No value in environment for: getAutoflush, using: true
1530776205727|-1||info||No value in environment for: getDateformat, using: 
1530776205727|-1||info||No value in environment for: getLogfile, using: spy11.log
1530776205727|-1||info||No value in environment for: getSQLExpression, using: null
1530776205728|-1||info||No value in environment for: getJNDIContextProviderURL, using: null
1530776205728|-1||info||No value in environment for: getJNDIContextCustom, using: null
1530776205728|-1||info||No value in environment for: getJNDIContextFactory, using: null
1530776205728|-1||info||No value in environment for: getRealDataSourceProperties, using: null
1530776205728|-1||info||No value in environment for: getDeregisterDrivers, using: true
1530776205728|-1||info||No value in environment for: getExcludecategories, using: info,debug,result,batch
1530776205728|-1||info||No value in environment for: getExecutionThreshold, using: 0
1530776205728|-1||info||No value in environment for: getReloadPropertiesInterval, using: 60
1530776205739|-1||info||No value in environment for: getStringMatcherEngine, using: com.p6spy.engine.common.SubstringMatcher@4b45a2f5
1530776205739|-1||info||No value in environment for: getIncludecategories, using: 
1530776205740|-1||info||No value in environment for: getRealDataSourceClass, using: null
1530776205740|-1||info||No value in environment for: getReloadProperties, using: false
1530776205740|-1||info||No value in environment for: getStackTraceClass, using: 
1530776205740|-1||info||No value in environment for: getRealDataSource, using: null
